<?xml version="1.0" encoding="UTF-8"?>
<!-- Generated by org.testng.reporters.JUnitReportReporter -->
<testsuite skipped="0" hostname="PTWB-IT-LEN-209" name="UIvsApiTest" tests="1" failures="0" timestamp="2021-09-27T23:37:27 IST" time="47.669" errors="0">
  <testcase name="testFlow" time="47.669" classname="UIvsApiTest"/>
  <system-out/>
</testsuite> <!-- UIvsApiTest -->
